<?xml version="1.0" encoding="UTF-8"?>
<!-- Generated by org.testng.reporters.JUnitXMLReporter -->
<testsuite ignored="1" hostname="dell-inspiron-5559" failures="0" tests="3" name="Sub_Suite_1" time="44.088" errors="0" timestamp="21 Oct 2022 17:04:42 GMT">
  <testcase classname="PSSTestRunner.PSSTestRunner" name="LogInToThePSSAdmin" time="3.271"/>
  <testcase classname="PSSTestRunner.PSSTestRunner" name="SearchForRoles" time="22.877"/>
  <testcase classname="PSSTestRunner.PSSTestRunner" name="SearchForFunctionalUsage" time="10.807"/>
  <testcase classname="PSSTestRunner.PSSTestRunner" name="LogOutFromThePSSAdmin" time="0.0">
    <ignored/>
  </testcase> <!-- LogOutFromThePSSAdmin -->
</testsuite> <!-- Sub_Suite_1 -->
