<?xml version="1.0" encoding="UTF-8"?>
<!-- Generated by org.testng.reporters.JUnitXMLReporter -->
<testsuite ignored="1" hostname="dell-inspiron-5559" failures="0" tests="3" name="Sub_Suite_1" time="9.889" errors="0" timestamp="28 Sep 2022 20:21:05 GMT">
  <testcase classname="PSSTestRunner.PSSTestRunner" name="LogInToThePSSAdmin" time="2.496"/>
  <testcase classname="PSSTestRunner.PSSTestRunner" name="ClickOnToogleMenu" time="0.957"/>
  <testcase classname="PSSTestRunner.PSSTestRunner" name="ClickOnRole" time="0.591"/>
  <testcase classname="PSSTestRunner.PSSTestRunner" name="LogOutFromThePSSAdmin" time="0.0">
    <ignored/>
  </testcase> <!-- LogOutFromThePSSAdmin -->
</testsuite> <!-- Sub_Suite_1 -->
