<?xml version="1.0" encoding="UTF-8"?>
<testng-results ignored="1" total="4" passed="3" failed="0" skipped="0">
  <reporter-output>
  </reporter-output>
  <suite started-at="2022-09-30T19:19:12Z" name="Test_Suite" finished-at="2022-09-30T19:19:29Z" duration-ms="17078">
    <groups>
    </groups>
    <test started-at="2022-09-30T19:19:12Z" name="Sub_Suite_1" finished-at="2022-09-30T19:19:29Z" duration-ms="17078">
      <class name="PSSTestRunner.PSSTestRunner">
        <test-method is-config="true" signature="startTest(java.lang.String, java.lang.String)[pri:0, instance:PSSTestRunner.PSSTestRunner@6cf0e0ba]" started-at="2022-09-30T19:19:12Z" name="startTest" finished-at="2022-09-30T19:19:12Z" duration-ms="248" status="PASS">
          <params>
            <param index="0">
              <value>
                <![CDATA[PSS_Release_21.2 Patch-46]]>
              </value>
            </param>
            <param index="1">
              <value>
                <![CDATA[PSS Admin Regression Test Result on ]]>
              </value>
            </param>
          </params>
          <reporter-output>
          </reporter-output>
        </test-method> <!-- startTest -->
        <test-method is-config="true" signature="Intialize(java.lang.String, java.lang.String)[pri:0, instance:PSSTestRunner.PSSTestRunner@6cf0e0ba]" started-at="2022-09-30T19:19:12Z" name="Intialize" finished-at="2022-09-30T19:19:21Z" duration-ms="9292" status="PASS">
          <params>
            <param index="0">
              <value>
                <![CDATA[chrome]]>
              </value>
            </param>
            <param index="1">
              <value>
                <![CDATA[https://flyegypt.avtra.com/admin/login]]>
              </value>
            </param>
          </params>
          <reporter-output>
          </reporter-output>
        </test-method> <!-- Intialize -->
        <test-method is-config="true" signature="validateCurrentURL(java.lang.String, java.lang.String)[pri:0, instance:PSSTestRunner.PSSTestRunner@6cf0e0ba]" started-at="2022-09-30T19:19:21Z" name="validateCurrentURL" finished-at="2022-09-30T19:19:21Z" depends-on-methods="Utilities.Browser_Base.Intialize" duration-ms="12" status="PASS">
          <params>
            <param index="0">
              <value>
                <![CDATA[https://flyegypt.avtra.com/admin/login]]>
              </value>
            </param>
            <param index="1">
              <value>
                <![CDATA[chrome]]>
              </value>
            </param>
          </params>
          <reporter-output>
          </reporter-output>
        </test-method> <!-- validateCurrentURL -->
        <test-method is-config="true" signature="implicitwait()[pri:0, instance:PSSTestRunner.PSSTestRunner@6cf0e0ba]" started-at="2022-09-30T19:19:21Z" name="implicitwait" finished-at="2022-09-30T19:19:21Z" duration-ms="8" status="PASS">
          <reporter-output>
          </reporter-output>
        </test-method> <!-- implicitwait -->
        <test-method signature="LogInToThePSSAdmin()[pri:1, instance:PSSTestRunner.PSSTestRunner@6cf0e0ba]" started-at="2022-09-30T19:19:21Z" name="LogInToThePSSAdmin" description="PSS Log in test case" finished-at="2022-09-30T19:19:24Z" duration-ms="2813" status="PASS">
          <reporter-output>
          </reporter-output>
        </test-method> <!-- LogInToThePSSAdmin -->
        <test-method is-config="true" signature="tearDown(org.testng.ITestResult, java.lang.String)[pri:0, instance:PSSTestRunner.PSSTestRunner@6cf0e0ba]" started-at="2022-09-30T19:19:24Z" name="tearDown" finished-at="2022-09-30T19:19:24Z" duration-ms="266" status="PASS">
          <params>
            <param index="0">
              <value>
                <![CDATA[[TestResult name=LogInToThePSSAdmin status=SUCCESS method=PSSTestRunner.LogInToThePSSAdmin()[pri:1, instance:PSSTestRunner.PSSTestRunner@6cf0e0ba] output={null}]]]>
              </value>
            </param>
            <param index="1">
              <value>
                <![CDATA[chrome]]>
              </value>
            </param>
          </params>
          <reporter-output>
          </reporter-output>
        </test-method> <!-- tearDown -->
        <test-method is-config="true" signature="implicitwait()[pri:0, instance:PSSTestRunner.PSSTestRunner@6cf0e0ba]" started-at="2022-09-30T19:19:24Z" name="implicitwait" finished-at="2022-09-30T19:19:24Z" duration-ms="3" status="PASS">
          <reporter-output>
          </reporter-output>
        </test-method> <!-- implicitwait -->
        <test-method signature="ClickOnToogleMenu()[pri:1, instance:PSSTestRunner.PSSTestRunner@6cf0e0ba]" started-at="2022-09-30T19:19:24Z" name="ClickOnToogleMenu" description="Click on toogle menu test case" finished-at="2022-09-30T19:19:26Z" duration-ms="1740" status="PASS">
          <reporter-output>
          </reporter-output>
        </test-method> <!-- ClickOnToogleMenu -->
        <test-method is-config="true" signature="tearDown(org.testng.ITestResult, java.lang.String)[pri:0, instance:PSSTestRunner.PSSTestRunner@6cf0e0ba]" started-at="2022-09-30T19:19:26Z" name="tearDown" finished-at="2022-09-30T19:19:27Z" duration-ms="412" status="PASS">
          <params>
            <param index="0">
              <value>
                <![CDATA[[TestResult name=ClickOnToogleMenu status=SUCCESS method=PSSTestRunner.ClickOnToogleMenu()[pri:1, instance:PSSTestRunner.PSSTestRunner@6cf0e0ba] output={null}]]]>
              </value>
            </param>
            <param index="1">
              <value>
                <![CDATA[chrome]]>
              </value>
            </param>
          </params>
          <reporter-output>
          </reporter-output>
        </test-method> <!-- tearDown -->
        <test-method is-config="true" signature="implicitwait()[pri:0, instance:PSSTestRunner.PSSTestRunner@6cf0e0ba]" started-at="2022-09-30T19:19:27Z" name="implicitwait" finished-at="2022-09-30T19:19:27Z" duration-ms="4" status="PASS">
          <reporter-output>
          </reporter-output>
        </test-method> <!-- implicitwait -->
        <test-method signature="ClickOnRole()[pri:2, instance:PSSTestRunner.PSSTestRunner@6cf0e0ba]" started-at="2022-09-30T19:19:27Z" name="ClickOnRole" description="Click on toogle menu test case" finished-at="2022-09-30T19:19:27Z" depends-on-methods="PSSTestRunner.PSSTestRunner.ClickOnToogleMenu, PSSTestRunner.PSSTestRunner.LogInToThePSSAdmin" duration-ms="443" status="PASS">
          <reporter-output>
          </reporter-output>
        </test-method> <!-- ClickOnRole -->
        <test-method is-config="true" signature="tearDown(org.testng.ITestResult, java.lang.String)[pri:0, instance:PSSTestRunner.PSSTestRunner@6cf0e0ba]" started-at="2022-09-30T19:19:27Z" name="tearDown" finished-at="2022-09-30T19:19:27Z" duration-ms="298" status="PASS">
          <params>
            <param index="0">
              <value>
                <![CDATA[[TestResult name=ClickOnRole status=SUCCESS method=PSSTestRunner.ClickOnRole()[pri:2, instance:PSSTestRunner.PSSTestRunner@6cf0e0ba] output={null}]]]>
              </value>
            </param>
            <param index="1">
              <value>
                <![CDATA[chrome]]>
              </value>
            </param>
          </params>
          <reporter-output>
          </reporter-output>
        </test-method> <!-- tearDown -->
        <test-method is-config="true" signature="endTest()[pri:0, instance:PSSTestRunner.PSSTestRunner@6cf0e0ba]" started-at="2022-09-30T19:19:27Z" name="endTest" finished-at="2022-09-30T19:19:28Z" duration-ms="324" status="PASS">
          <reporter-output>
          </reporter-output>
        </test-method> <!-- endTest -->
        <test-method is-config="true" signature="close()[pri:0, instance:PSSTestRunner.PSSTestRunner@6cf0e0ba]" started-at="2022-09-30T19:19:28Z" name="close" finished-at="2022-09-30T19:19:29Z" duration-ms="1432" status="PASS">
          <reporter-output>
          </reporter-output>
        </test-method> <!-- close -->
        <test-method is-config="true" signature="endSuite(java.lang.String, java.lang.String, java.lang.String, java.lang.String, java.lang.String)[pri:0, instance:PSSTestRunner.PSSTestRunner@6cf0e0ba]" started-at="2022-09-30T19:19:29Z" name="endSuite" finished-at="2022-09-30T19:19:36Z" duration-ms="6801" status="PASS">
          <params>
            <param index="0">
              <value>
                <![CDATA[PSS_Release_21.2 Patch-46]]>
              </value>
            </param>
            <param index="1">
              <value>
                <![CDATA[PSS Admin Regression Test Result on ]]>
              </value>
            </param>
            <param index="2">
              <value>
                <![CDATA[dcs.selenium.report@gmail.com]]>
              </value>
            </param>
            <param index="3">
              <value>
                <![CDATA[lmsbruovggrocqxk]]>
              </value>
            </param>
            <param index="4">
              <value>
                <![CDATA[vikasithasouth@gmail.com]]>
              </value>
            </param>
          </params>
          <reporter-output>
          </reporter-output>
        </test-method> <!-- endSuite -->
      </class> <!-- PSSTestRunner.PSSTestRunner -->
    </test> <!-- Sub_Suite_1 -->
  </suite> <!-- Test_Suite -->
</testng-results>
