<?xml version="1.0" encoding="UTF-8"?>
<testng-results ignored="3" total="8" passed="3" failed="1" skipped="1">
  <reporter-output>
  </reporter-output>
  <suite started-at="2022-09-28T20:29:56Z" name="Test_Suite" finished-at="2022-09-28T20:30:19Z" duration-ms="22376">
    <groups>
    </groups>
    <test started-at="2022-09-28T20:29:56Z" name="Sub_Suite_1" finished-at="2022-09-28T20:30:05Z" duration-ms="9258">
      <class name="PSSTestRunner.PSSTestRunner">
        <test-method is-config="true" signature="Intialize(java.lang.String, java.lang.String)[pri:0, instance:PSSTestRunner.PSSTestRunner@747ddf94]" started-at="2022-09-28T20:29:56Z" name="Intialize" finished-at="2022-09-28T20:29:59Z" duration-ms="3184" status="PASS">
          <params>
            <param index="0">
              <value>
                <![CDATA[chrome]]>
              </value>
            </param>
            <param index="1">
              <value>
                <![CDATA[https://flyegypt.avtra.com/admin/login]]>
              </value>
            </param>
          </params>
          <reporter-output>
          </reporter-output>
        </test-method> <!-- Intialize -->
        <test-method is-config="true" signature="validateCurrentURL(java.lang.String, java.lang.String)[pri:0, instance:PSSTestRunner.PSSTestRunner@747ddf94]" started-at="2022-09-28T20:29:59Z" name="validateCurrentURL" finished-at="2022-09-28T20:29:59Z" depends-on-methods="Utilities.Browser_Base.Intialize" duration-ms="16" status="PASS">
          <params>
            <param index="0">
              <value>
                <![CDATA[https://flyegypt.avtra.com/admin/login]]>
              </value>
            </param>
            <param index="1">
              <value>
                <![CDATA[chrome]]>
              </value>
            </param>
          </params>
          <reporter-output>
          </reporter-output>
        </test-method> <!-- validateCurrentURL -->
        <test-method is-config="true" signature="implicitwait()[pri:0, instance:PSSTestRunner.PSSTestRunner@747ddf94]" started-at="2022-09-28T20:29:59Z" name="implicitwait" finished-at="2022-09-28T20:29:59Z" duration-ms="12" status="PASS">
          <reporter-output>
          </reporter-output>
        </test-method> <!-- implicitwait -->
        <test-method signature="LogInToThePSSAdmin()[pri:1, instance:PSSTestRunner.PSSTestRunner@747ddf94]" started-at="2022-09-28T20:29:59Z" name="LogInToThePSSAdmin" description="PSS Log in test case" finished-at="2022-09-28T20:30:03Z" duration-ms="3745" status="PASS">
          <reporter-output>
          </reporter-output>
        </test-method> <!-- LogInToThePSSAdmin -->
        <test-method is-config="true" signature="tearDown(org.testng.ITestResult, java.lang.String)[pri:0, instance:PSSTestRunner.PSSTestRunner@747ddf94]" started-at="2022-09-28T20:30:03Z" name="tearDown" finished-at="2022-09-28T20:30:04Z" duration-ms="439" status="PASS">
          <params>
            <param index="0">
              <value>
                <![CDATA[[TestResult name=LogInToThePSSAdmin status=SUCCESS method=PSSTestRunner.LogInToThePSSAdmin()[pri:1, instance:PSSTestRunner.PSSTestRunner@747ddf94] output={null}]]]>
              </value>
            </param>
            <param index="1">
              <value>
                <![CDATA[chrome]]>
              </value>
            </param>
          </params>
          <reporter-output>
          </reporter-output>
        </test-method> <!-- tearDown -->
        <test-method is-config="true" signature="implicitwait()[pri:0, instance:PSSTestRunner.PSSTestRunner@747ddf94]" started-at="2022-09-28T20:30:04Z" name="implicitwait" finished-at="2022-09-28T20:30:04Z" duration-ms="6" status="PASS">
          <reporter-output>
          </reporter-output>
        </test-method> <!-- implicitwait -->
        <test-method signature="ClickOnToogleMenu()[pri:1, instance:PSSTestRunner.PSSTestRunner@747ddf94]" started-at="2022-09-28T20:30:04Z" name="ClickOnToogleMenu" description="Click on toogle menu test case" finished-at="2022-09-28T20:30:04Z" duration-ms="653" status="PASS">
          <reporter-output>
          </reporter-output>
        </test-method> <!-- ClickOnToogleMenu -->
        <test-method is-config="true" signature="tearDown(org.testng.ITestResult, java.lang.String)[pri:0, instance:PSSTestRunner.PSSTestRunner@747ddf94]" started-at="2022-09-28T20:30:04Z" name="tearDown" finished-at="2022-09-28T20:30:04Z" duration-ms="237" status="PASS">
          <params>
            <param index="0">
              <value>
                <![CDATA[[TestResult name=ClickOnToogleMenu status=SUCCESS method=PSSTestRunner.ClickOnToogleMenu()[pri:1, instance:PSSTestRunner.PSSTestRunner@747ddf94] output={null}]]]>
              </value>
            </param>
            <param index="1">
              <value>
                <![CDATA[chrome]]>
              </value>
            </param>
          </params>
          <reporter-output>
          </reporter-output>
        </test-method> <!-- tearDown -->
        <test-method is-config="true" signature="implicitwait()[pri:0, instance:PSSTestRunner.PSSTestRunner@747ddf94]" started-at="2022-09-28T20:30:04Z" name="implicitwait" finished-at="2022-09-28T20:30:04Z" duration-ms="7" status="PASS">
          <reporter-output>
          </reporter-output>
        </test-method> <!-- implicitwait -->
        <test-method signature="ClickOnRole()[pri:2, instance:PSSTestRunner.PSSTestRunner@747ddf94]" started-at="2022-09-28T20:30:04Z" name="ClickOnRole" description="Click on toogle menu test case" finished-at="2022-09-28T20:30:05Z" depends-on-methods="PSSTestRunner.PSSTestRunner.ClickOnToogleMenu, PSSTestRunner.PSSTestRunner.LogInToThePSSAdmin" duration-ms="415" status="PASS">
          <reporter-output>
          </reporter-output>
        </test-method> <!-- ClickOnRole -->
        <test-method is-config="true" signature="tearDown(org.testng.ITestResult, java.lang.String)[pri:0, instance:PSSTestRunner.PSSTestRunner@747ddf94]" started-at="2022-09-28T20:30:05Z" name="tearDown" finished-at="2022-09-28T20:30:05Z" duration-ms="173" status="PASS">
          <params>
            <param index="0">
              <value>
                <![CDATA[[TestResult name=ClickOnRole status=SUCCESS method=PSSTestRunner.ClickOnRole()[pri:2, instance:PSSTestRunner.PSSTestRunner@747ddf94] output={null}]]]>
              </value>
            </param>
            <param index="1">
              <value>
                <![CDATA[chrome]]>
              </value>
            </param>
          </params>
          <reporter-output>
          </reporter-output>
        </test-method> <!-- tearDown -->
        <test-method is-config="true" signature="endTest()[pri:0, instance:PSSTestRunner.PSSTestRunner@747ddf94]" started-at="2022-09-28T20:30:05Z" name="endTest" finished-at="2022-09-28T20:30:05Z" duration-ms="343" status="PASS">
          <reporter-output>
          </reporter-output>
        </test-method> <!-- endTest -->
        <test-method is-config="true" signature="close()[pri:0, instance:PSSTestRunner.PSSTestRunner@747ddf94]" started-at="2022-09-28T20:30:05Z" name="close" finished-at="2022-09-28T20:30:05Z" duration-ms="1" status="PASS">
          <reporter-output>
          </reporter-output>
        </test-method> <!-- close -->
      </class> <!-- PSSTestRunner.PSSTestRunner -->
    </test> <!-- Sub_Suite_1 -->
    <test started-at="2022-09-28T20:30:05Z" name="Sub_Suite_3" finished-at="2022-09-28T20:30:19Z" duration-ms="13106">
      <class name="PSSTestRunner.PSSTestRunner">
        <test-method is-config="true" signature="startTest(java.lang.String, java.lang.String)[pri:0, instance:PSSTestRunner.PSSTestRunner@4c583ecf]" started-at="2022-09-28T20:29:56Z" name="startTest" finished-at="2022-09-28T20:29:56Z" duration-ms="171" status="PASS">
          <params>
            <param index="0">
              <value>
                <![CDATA[PSS_Release_21.2 Patch-45]]>
              </value>
            </param>
            <param index="1">
              <value>
                <![CDATA[PSS Admin Regression Test Result on ]]>
              </value>
            </param>
          </params>
          <reporter-output>
          </reporter-output>
        </test-method> <!-- startTest -->
        <test-method is-config="true" signature="Intialize(java.lang.String, java.lang.String)[pri:0, instance:PSSTestRunner.PSSTestRunner@4c583ecf]" started-at="2022-09-28T20:30:05Z" name="Intialize" finished-at="2022-09-28T20:30:08Z" duration-ms="2228" status="PASS">
          <params>
            <param index="0">
              <value>
                <![CDATA[edge]]>
              </value>
            </param>
            <param index="1">
              <value>
                <![CDATA[https://flyegypt.avtra.com/admin/login]]>
              </value>
            </param>
          </params>
          <reporter-output>
          </reporter-output>
        </test-method> <!-- Intialize -->
        <test-method is-config="true" signature="validateCurrentURL(java.lang.String, java.lang.String)[pri:0, instance:PSSTestRunner.PSSTestRunner@4c583ecf]" started-at="2022-09-28T20:30:08Z" name="validateCurrentURL" finished-at="2022-09-28T20:30:08Z" depends-on-methods="Utilities.Browser_Base.Intialize" duration-ms="44" status="PASS">
          <params>
            <param index="0">
              <value>
                <![CDATA[https://flyegypt.avtra.com/admin/login]]>
              </value>
            </param>
            <param index="1">
              <value>
                <![CDATA[edge]]>
              </value>
            </param>
          </params>
          <reporter-output>
          </reporter-output>
        </test-method> <!-- validateCurrentURL -->
        <test-method is-config="true" signature="implicitwait()[pri:0, instance:PSSTestRunner.PSSTestRunner@4c583ecf]" started-at="2022-09-28T20:30:08Z" name="implicitwait" finished-at="2022-09-28T20:30:08Z" duration-ms="9" status="PASS">
          <reporter-output>
          </reporter-output>
        </test-method> <!-- implicitwait -->
        <test-method signature="LogInToThePSSAdmin()[pri:1, instance:PSSTestRunner.PSSTestRunner@4c583ecf]" started-at="2022-09-28T20:30:08Z" name="LogInToThePSSAdmin" description="PSS Log in test case" finished-at="2022-09-28T20:30:18Z" duration-ms="10683" status="FAIL">
          <exception class="org.openqa.selenium.NoSuchWindowException">
            <message>
              <![CDATA[no such window: target window already closed
from unknown error: web view not found
  (Session info: MicrosoftEdge=105.0.1343.42)
Build info: version: '4.4.0', revision: 'e5c75ed026a'
System info: host: 'dell-inspiron-5559', ip: '192.168.1.100', os.name: 'Linux', os.arch: 'amd64', os.version: '5.3.0-59-generic', java.version: '11.0.7'
Driver info: org.openqa.selenium.edge.EdgeDriver
Command: [1d67c83228cf10954254cdf543cb74bf, findElement {using=xpath, value=//input[@id='btnLogin']}]
Capabilities {acceptInsecureCerts: false, browserName: msedge, browserVersion: 105.0.1343.42, ms:edgeOptions: {debuggerAddress: localhost:43283}, msedge: {msedgedriverVersion: 105.0.1343.53 (3a47f00402d5..., userDataDir: /tmp/.com.microsoft.Edge.fF...}, networkConnectionEnabled: false, pageLoadStrategy: normal, platformName: LINUX, proxy: Proxy(), se:cdp: ws://localhost:43283/devtoo..., se:cdpVersion: 105.0.1343.42, setWindowRect: true, strictFileInteractability: false, timeouts: {implicit: 0, pageLoad: 300000, script: 30000}, unhandledPromptBehavior: dismiss and notify, webauthn:extension:credBlob: true, webauthn:extension:largeBlob: true, webauthn:virtualAuthenticators: true}
Session ID: 1d67c83228cf10954254cdf543cb74bf]]>
            </message>
            <full-stacktrace>
              <![CDATA[org.openqa.selenium.NoSuchWindowException: no such window: target window already closed
from unknown error: web view not found
  (Session info: MicrosoftEdge=105.0.1343.42)
Build info: version: '4.4.0', revision: 'e5c75ed026a'
System info: host: 'dell-inspiron-5559', ip: '192.168.1.100', os.name: 'Linux', os.arch: 'amd64', os.version: '5.3.0-59-generic', java.version: '11.0.7'
Driver info: org.openqa.selenium.edge.EdgeDriver
Command: [1d67c83228cf10954254cdf543cb74bf, findElement {using=xpath, value=//input[@id='btnLogin']}]
Capabilities {acceptInsecureCerts: false, browserName: msedge, browserVersion: 105.0.1343.42, ms:edgeOptions: {debuggerAddress: localhost:43283}, msedge: {msedgedriverVersion: 105.0.1343.53 (3a47f00402d5..., userDataDir: /tmp/.com.microsoft.Edge.fF...}, networkConnectionEnabled: false, pageLoadStrategy: normal, platformName: LINUX, proxy: Proxy(), se:cdp: ws://localhost:43283/devtoo..., se:cdpVersion: 105.0.1343.42, setWindowRect: true, strictFileInteractability: false, timeouts: {implicit: 0, pageLoad: 300000, script: 30000}, unhandledPromptBehavior: dismiss and notify, webauthn:extension:credBlob: true, webauthn:extension:largeBlob: true, webauthn:virtualAuthenticators: true}
Session ID: 1d67c83228cf10954254cdf543cb74bf
at jdk.internal.reflect.GeneratedConstructorAccessor10.newInstance(Unknown Source)
at java.base/jdk.internal.reflect.DelegatingConstructorAccessorImpl.newInstance(DelegatingConstructorAccessorImpl.java:45)
at java.base/java.lang.reflect.Constructor.newInstance(Constructor.java:490)
at org.openqa.selenium.remote.codec.w3c.W3CHttpResponseCodec.createException(W3CHttpResponseCodec.java:200)
at org.openqa.selenium.remote.codec.w3c.W3CHttpResponseCodec.decode(W3CHttpResponseCodec.java:133)
at org.openqa.selenium.remote.codec.w3c.W3CHttpResponseCodec.decode(W3CHttpResponseCodec.java:53)
at org.openqa.selenium.remote.HttpCommandExecutor.execute(HttpCommandExecutor.java:184)
at org.openqa.selenium.remote.service.DriverCommandExecutor.invokeExecute(DriverCommandExecutor.java:167)
at org.openqa.selenium.remote.service.DriverCommandExecutor.execute(DriverCommandExecutor.java:142)
at org.openqa.selenium.remote.RemoteWebDriver.execute(RemoteWebDriver.java:547)
at org.openqa.selenium.remote.ElementLocation$ElementFinder$2.findElement(ElementLocation.java:162)
at org.openqa.selenium.remote.ElementLocation.findElement(ElementLocation.java:60)
at org.openqa.selenium.remote.RemoteWebDriver.findElement(RemoteWebDriver.java:365)
at org.openqa.selenium.remote.RemoteWebDriver.findElement(RemoteWebDriver.java:357)
at org.openqa.selenium.support.pagefactory.DefaultElementLocator.findElement(DefaultElementLocator.java:70)
at org.openqa.selenium.support.pagefactory.internal.LocatingElementHandler.invoke(LocatingElementHandler.java:39)
at com.sun.proxy.$Proxy21.toString(Unknown Source)
at java.base/java.lang.String.valueOf(String.java:2951)
at java.base/java.lang.StringBuilder.append(StringBuilder.java:168)
at org.openqa.selenium.support.ui.ExpectedConditions$23.toString(ExpectedConditions.java:673)
at java.base/java.lang.String.valueOf(String.java:2951)
at java.base/java.lang.StringBuilder.append(StringBuilder.java:168)
at org.openqa.selenium.support.ui.FluentWait.until(FluentWait.java:229)
at Utilities.Utils.explicitWaitElementClickable(Utils.java:63)
at PSS_Pages.PSS_Login_Page.AdminLoginPageMethods.clickLoginbutton(AdminLoginPageMethods.java:19)
at PSSTestRunner.PSSTestRunner.LogInToThePSSAdmin(PSSTestRunner.java:52)
at java.base/jdk.internal.reflect.NativeMethodAccessorImpl.invoke0(Native Method)
at java.base/jdk.internal.reflect.NativeMethodAccessorImpl.invoke(NativeMethodAccessorImpl.java:62)
at java.base/jdk.internal.reflect.DelegatingMethodAccessorImpl.invoke(DelegatingMethodAccessorImpl.java:43)
at java.base/java.lang.reflect.Method.invoke(Method.java:566)
at org.testng.internal.MethodInvocationHelper.invokeMethod(MethodInvocationHelper.java:124)
at org.testng.internal.Invoker.invokeMethod(Invoker.java:583)
at org.testng.internal.Invoker.invokeTestMethod(Invoker.java:719)
at org.testng.internal.Invoker.invokeTestMethods(Invoker.java:989)
at org.testng.internal.TestMethodWorker.invokeTestMethods(TestMethodWorker.java:125)
at org.testng.internal.TestMethodWorker.run(TestMethodWorker.java:109)
at org.testng.TestRunner.privateRun(TestRunner.java:648)
at org.testng.TestRunner.run(TestRunner.java:505)
at org.testng.SuiteRunner.runTest(SuiteRunner.java:455)
at org.testng.SuiteRunner.runSequentially(SuiteRunner.java:450)
at org.testng.SuiteRunner.privateRun(SuiteRunner.java:415)
at org.testng.SuiteRunner.run(SuiteRunner.java:364)
at org.testng.SuiteRunnerWorker.runSuite(SuiteRunnerWorker.java:52)
at org.testng.SuiteRunnerWorker.run(SuiteRunnerWorker.java:84)
at org.testng.TestNG.runSuitesSequentially(TestNG.java:1208)
at org.testng.TestNG.runSuitesLocally(TestNG.java:1137)
at org.testng.TestNG.runSuites(TestNG.java:1049)
at org.testng.TestNG.run(TestNG.java:1017)
at org.apache.maven.surefire.testng.TestNGExecutor.run(TestNGExecutor.java:284)
at org.apache.maven.surefire.testng.TestNGXmlTestSuite.execute(TestNGXmlTestSuite.java:75)
at org.apache.maven.surefire.testng.TestNGProvider.invoke(TestNGProvider.java:119)
at org.apache.maven.surefire.booter.ForkedBooter.runSuitesInProcess(ForkedBooter.java:428)
at org.apache.maven.surefire.booter.ForkedBooter.execute(ForkedBooter.java:162)
at org.apache.maven.surefire.booter.ForkedBooter.run(ForkedBooter.java:562)
at org.apache.maven.surefire.booter.ForkedBooter.main(ForkedBooter.java:548)
]]>
            </full-stacktrace>
          </exception> <!-- org.openqa.selenium.NoSuchWindowException -->
          <reporter-output>
          </reporter-output>
        </test-method> <!-- LogInToThePSSAdmin -->
        <test-method is-config="true" signature="tearDown(org.testng.ITestResult, java.lang.String)[pri:0, instance:PSSTestRunner.PSSTestRunner@4c583ecf]" started-at="2022-09-28T20:30:18Z" name="tearDown" finished-at="2022-09-28T20:30:18Z" duration-ms="21" status="PASS">
          <params>
            <param index="0">
              <value>
                <![CDATA[[TestResult name=LogInToThePSSAdmin status=FAILURE method=PSSTestRunner.LogInToThePSSAdmin()[pri:1, instance:PSSTestRunner.PSSTestRunner@4c583ecf] output={null}]]]>
              </value>
            </param>
            <param index="1">
              <value>
                <![CDATA[edge]]>
              </value>
            </param>
          </params>
          <reporter-output>
          </reporter-output>
        </test-method> <!-- tearDown -->
        <test-method signature="LogOutFromThePSSAdmin()[pri:2, instance:PSSTestRunner.PSSTestRunner@4c583ecf]" started-at="2022-09-28T20:30:18Z" name="LogOutFromThePSSAdmin" description="PSS Log out test case" finished-at="2022-09-28T20:30:18Z" depends-on-methods="PSSTestRunner.PSSTestRunner.LogInToThePSSAdmin" duration-ms="1" status="SKIP">
          <exception class="java.lang.Throwable">
            <message>
              <![CDATA[Method PSSTestRunner.LogOutFromThePSSAdmin()[pri:2, instance:PSSTestRunner.PSSTestRunner@4c583ecf] depends on not successfully finished methods]]>
            </message>
            <full-stacktrace>
              <![CDATA[java.lang.Throwable: Method PSSTestRunner.LogOutFromThePSSAdmin()[pri:2, instance:PSSTestRunner.PSSTestRunner@4c583ecf] depends on not successfully finished methods
at org.testng.internal.Invoker.invokeTestMethods(Invoker.java:888)
at org.testng.internal.TestMethodWorker.invokeTestMethods(TestMethodWorker.java:125)
at org.testng.internal.TestMethodWorker.run(TestMethodWorker.java:109)
at org.testng.TestRunner.privateRun(TestRunner.java:648)
at org.testng.TestRunner.run(TestRunner.java:505)
at org.testng.SuiteRunner.runTest(SuiteRunner.java:455)
at org.testng.SuiteRunner.runSequentially(SuiteRunner.java:450)
at org.testng.SuiteRunner.privateRun(SuiteRunner.java:415)
at org.testng.SuiteRunner.run(SuiteRunner.java:364)
at org.testng.SuiteRunnerWorker.runSuite(SuiteRunnerWorker.java:52)
at org.testng.SuiteRunnerWorker.run(SuiteRunnerWorker.java:84)
at org.testng.TestNG.runSuitesSequentially(TestNG.java:1208)
at org.testng.TestNG.runSuitesLocally(TestNG.java:1137)
at org.testng.TestNG.runSuites(TestNG.java:1049)
at org.testng.TestNG.run(TestNG.java:1017)
at org.apache.maven.surefire.testng.TestNGExecutor.run(TestNGExecutor.java:284)
at org.apache.maven.surefire.testng.TestNGXmlTestSuite.execute(TestNGXmlTestSuite.java:75)
at org.apache.maven.surefire.testng.TestNGProvider.invoke(TestNGProvider.java:119)
at org.apache.maven.surefire.booter.ForkedBooter.runSuitesInProcess(ForkedBooter.java:428)
at org.apache.maven.surefire.booter.ForkedBooter.execute(ForkedBooter.java:162)
at org.apache.maven.surefire.booter.ForkedBooter.run(ForkedBooter.java:562)
at org.apache.maven.surefire.booter.ForkedBooter.main(ForkedBooter.java:548)
]]>
            </full-stacktrace>
          </exception> <!-- java.lang.Throwable -->
          <reporter-output>
          </reporter-output>
        </test-method> <!-- LogOutFromThePSSAdmin -->
        <test-method is-config="true" signature="endTest()[pri:0, instance:PSSTestRunner.PSSTestRunner@4c583ecf]" started-at="2022-09-28T20:30:18Z" name="endTest" finished-at="2022-09-28T20:30:19Z" duration-ms="93" status="PASS">
          <reporter-output>
          </reporter-output>
        </test-method> <!-- endTest -->
        <test-method is-config="true" signature="close()[pri:0, instance:PSSTestRunner.PSSTestRunner@4c583ecf]" started-at="2022-09-28T20:30:19Z" name="close" finished-at="2022-09-28T20:30:19Z" duration-ms="0" status="PASS">
          <reporter-output>
          </reporter-output>
        </test-method> <!-- close -->
        <test-method is-config="true" signature="endSuite(java.lang.String, java.lang.String, java.lang.String, java.lang.String, java.lang.String)[pri:0, instance:PSSTestRunner.PSSTestRunner@4c583ecf]" started-at="2022-09-28T20:30:19Z" name="endSuite" finished-at="2022-09-28T20:30:26Z" duration-ms="7217" status="PASS">
          <params>
            <param index="0">
              <value>
                <![CDATA[PSS_Release_21.2 Patch-45]]>
              </value>
            </param>
            <param index="1">
              <value>
                <![CDATA[PSS Admin Regression Test Result on ]]>
              </value>
            </param>
            <param index="2">
              <value>
                <![CDATA[dcs.selenium.report@gmail.com]]>
              </value>
            </param>
            <param index="3">
              <value>
                <![CDATA[lmsbruovggrocqxk]]>
              </value>
            </param>
            <param index="4">
              <value>
                <![CDATA[vikasithasouth@gmail.com]]>
              </value>
            </param>
          </params>
          <reporter-output>
          </reporter-output>
        </test-method> <!-- endSuite -->
      </class> <!-- PSSTestRunner.PSSTestRunner -->
    </test> <!-- Sub_Suite_3 -->
  </suite> <!-- Test_Suite -->
</testng-results>
